2021-08-25 14:01:59 [httpLog] {"method":"GET","url":"/api/timeline","data":{},"startTime":"2021-08-25 14:01:59","endTime":"2021-08-25 14:01:59","timeLength":9}
2021-08-25 14:02:05 [httpLog] {"method":"GET","url":"/api/hello","data":{},"startTime":"2021-08-25 14:02:05","endTime":"2021-08-25 14:02:05","timeLength":1}
2021-08-25 14:37:52 [httpLog] {"method":"GET","url":"/api/add","data":{},"startTime":"2021-08-25 14:37:52","endTime":"2021-08-25 14:37:52","timeLength":2}
2021-08-25 14:38:23 [httpLog] {"method":"GET","url":"/api/add","data":{},"startTime":"2021-08-25 14:38:23","endTime":"2021-08-25 14:38:23","timeLength":1}
2021-08-25 14:38:23 [httpLog] {"method":"GET","url":"/api/add","data":{},"startTime":"2021-08-25 14:38:23","endTime":"2021-08-25 14:38:23","timeLength":0}
2021-08-25 14:38:23 [httpLog] {"method":"GET","url":"/api/add","data":{},"startTime":"2021-08-25 14:38:23","endTime":"2021-08-25 14:38:23","timeLength":0}
2021-08-25 14:38:23 [httpLog] {"method":"GET","url":"/api/add","data":{},"startTime":"2021-08-25 14:38:23","endTime":"2021-08-25 14:38:23","timeLength":0}
2021-08-25 14:55:16 [httpLog] {"method":"GET","url":"/","data":{},"startTime":"2021-08-25 14:55:16","endTime":"2021-08-25 14:55:16","timeLength":1}
2021-08-25 14:55:18 [httpLog] {"method":"GET","url":"/","data":{},"startTime":"2021-08-25 14:55:18","endTime":"2021-08-25 14:55:18","timeLength":0}
2021-08-25 14:55:29 [httpLog] {"method":"POST","url":"/api/rss/add","data":{"rss":"https://www.baidu.com/"},"startTime":"2021-08-25 14:55:29","endTime":"2021-08-25 14:55:29","timeLength":13}
2021-08-25 14:55:31 [httpLog] {"method":"POST","url":"/api/rss/add","data":{"rss":"https://www.baidu.com/"},"startTime":"2021-08-25 14:55:31","endTime":"2021-08-25 14:55:31","timeLength":1}
2021-08-25 14:55:37 [httpLog] {"method":"POST","url":"/api/rss/add","data":{"rss":"https://www.baidu.com/"},"startTime":"2021-08-25 14:55:37","endTime":"2021-08-25 14:55:37","timeLength":0}
2021-08-25 14:55:37 [httpLog] {"method":"POST","url":"/api/rss/add","data":{"rss":"https://www.baidu.com/"},"startTime":"2021-08-25 14:55:37","endTime":"2021-08-25 14:55:37","timeLength":1}
2021-08-25 14:55:37 [httpLog] {"method":"POST","url":"/api/rss/add","data":{"rss":"https://www.baidu.com/"},"startTime":"2021-08-25 14:55:37","endTime":"2021-08-25 14:55:37","timeLength":1}
2021-08-25 14:55:38 [httpLog] {"method":"POST","url":"/api/rss/add","data":{"rss":"https://www.baidu.com/"},"startTime":"2021-08-25 14:55:38","endTime":"2021-08-25 14:55:38","timeLength":1}
2021-08-25 14:55:38 [httpLog] {"method":"POST","url":"/api/rss/add","data":{"rss":"https://www.baidu.com/"},"startTime":"2021-08-25 14:55:38","endTime":"2021-08-25 14:55:38","timeLength":1}
2021-08-25 14:58:00 [httpLog] {"method":"POST","url":"/api/rss/add","data":{"rss":"https://www.baidu.com/"},"startTime":"2021-08-25 14:58:00","endTime":"2021-08-25 14:58:00","timeLength":1}
2021-08-25 14:58:23 [httpLog] {"method":"POST","url":"/api/rss/remove","data":{"rss":"https://www.baidu.com/"},"startTime":"2021-08-25 14:58:23","endTime":"2021-08-25 14:58:23","timeLength":9}
2021-08-25 15:06:57 [httpLog] {"method":"POST","url":"/api/rss/add","data":{"rss":"https://www.baidu.com/"},"startTime":"2021-08-25 15:06:57","endTime":"2021-08-25 15:06:57","timeLength":7}
2021-08-25 15:10:43 [httpLog] {"method":"POST","url":"/api/rss/remove","data":{"rss":"https://www.baidu.com/"},"startTime":"2021-08-25 15:10:43","endTime":"2021-08-25 15:10:43","timeLength":11}
2021-08-25 15:13:46 [httpLog] {"method":"POST","url":"/api/rss/add","data":{"rss":"https://rsshub.mocyx.com/v2ex/topics/latest"},"startTime":"2021-08-25 15:13:46","endTime":"2021-08-25 15:13:46","timeLength":9}
2021-08-25 16:10:22 [httpLog] {"method":"POST","url":"/api/rss/timeline","data":{"rss":"https://rsshub.mocyx.com/v2ex/topics/latest"},"startTime":"2021-08-25 16:10:22","endTime":"2021-08-25 16:10:22","timeLength":3}
2021-08-25 16:35:58 [httpLog] {"method":"POST","url":"/api/rss/remove","data":{"rss":"https://www.baidu.com/"},"startTime":"2021-08-25 16:35:58","endTime":"2021-08-25 16:35:58","timeLength":3}
2021-08-25 16:36:01 [httpLog] {"method":"POST","url":"/api/rss/add","data":{"rss":"https://rsshub.mocyx.com/v2ex/topics/latest"},"startTime":"2021-08-25 16:36:01","endTime":"2021-08-25 16:36:01","timeLength":1}
2021-08-25 16:36:02 [httpLog] {"method":"POST","url":"/api/rss/add","data":{"rss":"https://rsshub.mocyx.com/v2ex/topics/latest"},"startTime":"2021-08-25 16:36:02","endTime":"2021-08-25 16:36:02","timeLength":1}
2021-08-25 16:36:03 [httpLog] {"method":"POST","url":"/api/rss/add","data":{"rss":"https://rsshub.mocyx.com/v2ex/topics/latest"},"startTime":"2021-08-25 16:36:03","endTime":"2021-08-25 16:36:03","timeLength":1}
2021-08-25 16:36:03 [httpLog] {"method":"POST","url":"/api/rss/add","data":{"rss":"https://rsshub.mocyx.com/v2ex/topics/latest"},"startTime":"2021-08-25 16:36:03","endTime":"2021-08-25 16:36:03","timeLength":1}
2021-08-25 16:36:03 [httpLog] {"method":"POST","url":"/api/rss/add","data":{"rss":"https://rsshub.mocyx.com/v2ex/topics/latest"},"startTime":"2021-08-25 16:36:03","endTime":"2021-08-25 16:36:03","timeLength":0}
2021-08-25 16:36:03 [httpLog] {"method":"POST","url":"/api/rss/add","data":{"rss":"https://rsshub.mocyx.com/v2ex/topics/latest"},"startTime":"2021-08-25 16:36:03","endTime":"2021-08-25 16:36:03","timeLength":1}
2021-08-25 16:36:03 [httpLog] {"method":"POST","url":"/api/rss/add","data":{"rss":"https://rsshub.mocyx.com/v2ex/topics/latest"},"startTime":"2021-08-25 16:36:03","endTime":"2021-08-25 16:36:03","timeLength":0}
2021-08-25 16:36:04 [httpLog] {"method":"POST","url":"/api/rss/add","data":{"rss":"https://rsshub.mocyx.com/v2ex/topics/latest"},"startTime":"2021-08-25 16:36:04","endTime":"2021-08-25 16:36:04","timeLength":0}
2021-08-25 16:36:04 [httpLog] {"method":"POST","url":"/api/rss/add","data":{"rss":"https://rsshub.mocyx.com/v2ex/topics/latest"},"startTime":"2021-08-25 16:36:04","endTime":"2021-08-25 16:36:04","timeLength":1}
2021-08-25 16:36:11 [httpLog] {"method":"POST","url":"/api/rss/remove","data":{"rss":"https://rsshub.mocyx.com/v2ex/topics/latest"},"startTime":"2021-08-25 16:36:11","endTime":"2021-08-25 16:36:11","timeLength":8}
2021-08-25 16:36:21 [httpLog] {"method":"POST","url":"/api/rss/add","data":{"rss":"https://rsshub.mocyx.com/v2ex/topics/latest"},"startTime":"2021-08-25 16:36:21","endTime":"2021-08-25 16:36:21","timeLength":8}
2021-08-25 16:57:33 [httpLog] {"method":"POST","url":"/api/rss/add","data":{"rss":"https://rsshub.mocyx.com/v2ex/topics/latest"},"startTime":"2021-08-25 16:57:33","endTime":"2021-08-25 16:57:33","timeLength":3}
2021-08-25 16:57:37 [httpLog] {"method":"POST","url":"/api/rss/timeline","data":{"rss":"https://rsshub.mocyx.com/v2ex/topics/latest"},"startTime":"2021-08-25 16:57:37","endTime":"2021-08-25 16:57:37","timeLength":1}
2021-08-25 16:57:38 [httpLog] {"method":"POST","url":"/api/rss/timeline","data":{"rss":"https://rsshub.mocyx.com/v2ex/topics/latest"},"startTime":"2021-08-25 16:57:38","endTime":"2021-08-25 16:57:38","timeLength":0}
2021-08-25 16:58:43 [httpLog] {"method":"POST","url":"/api/rss/timeline","data":{"rss":"https://rsshub.mocyx.com/v2ex/topics/latest"},"startTime":"2021-08-25 16:58:43","endTime":"2021-08-25 16:58:43","timeLength":1}
2021-08-25 16:59:42 [httpLog] {"method":"POST","url":"/api/rss/timeline","data":{"rss":"https://rsshub.mocyx.com/v2ex/topics/latest"},"startTime":"2021-08-25 16:59:42","endTime":"2021-08-25 16:59:42","timeLength":3}
2021-08-25 16:59:55 [httpLog] {"method":"POST","url":"/api/rss/timeline","data":{"rss":"https://rsshub.mocyx.com/v2ex/topics/latest"},"startTime":"2021-08-25 16:59:55","endTime":"2021-08-25 16:59:55","timeLength":3}
2021-08-25 17:00:26 [httpLog] {"method":"POST","url":"/api/rss/timeline","data":{"rss":"https://rsshub.mocyx.com/v2ex/topics/latest"},"startTime":"2021-08-25 17:00:26","endTime":"2021-08-25 17:00:26","timeLength":3}
2021-08-25 17:00:39 [httpLog] {"method":"POST","url":"/api/rss/timeline","data":{"rss":"https://rsshub.mocyx.com/v2ex/topics/latest"},"startTime":"2021-08-25 17:00:39","endTime":"2021-08-25 17:00:39","timeLength":3}
2021-08-25 17:00:56 [httpLog] {"method":"POST","url":"/api/rss/timeline","data":{"rss":"https://rsshub.mocyx.com/v2ex/topics/latest"},"startTime":"2021-08-25 17:00:56","endTime":"2021-08-25 17:00:56","timeLength":2}
2021-08-25 17:01:13 [httpLog] {"method":"POST","url":"/api/rss/timeline","data":{"rss":"https://rsshub.mocyx.com/v2ex/topics/latest"},"startTime":"2021-08-25 17:01:13","endTime":"2021-08-25 17:01:13","timeLength":3}
2021-08-25 17:01:25 [httpLog] {"method":"POST","url":"/api/rss/timeline","data":{"rss":"https://rsshub.mocyx.com/v2ex/topics/latest"},"startTime":"2021-08-25 17:01:25","endTime":"2021-08-25 17:01:25","timeLength":4}
2021-08-25 17:09:12 [httpLog] {"method":"POST","url":"/api/rss/read","data":{"rss":"https://rsshub.mocyx.com/v2ex/topics/latest","guid":"797968"},"startTime":"2021-08-25 17:09:12","endTime":"2021-08-25 17:09:12","timeLength":11}
2021-08-25 17:09:20 [httpLog] {"method":"POST","url":"/api/rss/timeline","data":{"rss":"https://rsshub.mocyx.com/v2ex/topics/latest"},"startTime":"2021-08-25 17:09:20","endTime":"2021-08-25 17:09:20","timeLength":2}
2021-08-25 17:09:29 [httpLog] {"method":"POST","url":"/api/rss/read","data":{"rss":"https://rsshub.mocyx.com/v2ex/topics/latest","guid":"797967"},"startTime":"2021-08-25 17:09:29","endTime":"2021-08-25 17:09:29","timeLength":8}
2021-08-25 17:09:32 [httpLog] {"method":"POST","url":"/api/rss/timeline","data":{"rss":"https://rsshub.mocyx.com/v2ex/topics/latest"},"startTime":"2021-08-25 17:09:32","endTime":"2021-08-25 17:09:32","timeLength":2}
